sudo: */15: command not found
-bash: */15: No such file or directory
/bin/sh: 1: /home/ubuntu/Geo-Algo/.venv/bin/python: not found
/bin/sh: 1: /home/ubuntu/Geo-Algo/.venv/bin/python: not found
/bin/sh: 1: /home/ubuntu/Geo-Algo/.venv/bin/python: not found
/bin/sh: 1: /home/ubuntu/Geo-Algo/.venv/bin/python: not found
/bin/sh: 1: /home/ubuntu/Geo-Algo/.venv/bin/python: not found
/bin/sh: 1: /home/ubuntu/Geo-Algo/.venv/bin/python: not found
/bin/sh: 1: /home/ubuntu/Geo-Algo/.venv/bin/python: not found
16:20:03.159823
Trend lines re-computed and checked.
16:25:02.645260
Trend lines re-computed and checked.
16:30:02.903185
Trend lines re-computed and checked.
16:35:02.167809
Trend lines re-computed and checked.
09:00:04.565662
09:15:04.218207
09:30:03.858692
Trend lines re-computed and checked.
09:45:03.867068
Trend lines re-computed and checked.
10:00:03.754777
Trend lines re-computed and checked.
10:15:03.937713
Trend lines re-computed and checked.
10:30:03.839207
Trend lines re-computed and checked.
10:45:03.590064
Trend lines re-computed and checked.
11:00:03.464757
Trend lines re-computed and checked.
11:15:04.227882
Trend lines re-computed and checked.
11:30:04.069114
Trend lines re-computed and checked.
11:45:03.927902
Trend lines re-computed and checked.
12:00:03.740153
Trend lines re-computed and checked.
12:15:03.718113
Trend lines re-computed and checked.
12:30:03.552309
Trend lines re-computed and checked.
12:45:03.352546
Trend lines re-computed and checked.
13:00:04.168686
Trend lines re-computed and checked.
13:15:03.829611
Trend lines re-computed and checked.
13:30:03.621141
Trend lines re-computed and checked.
13:45:03.622162
Trend lines re-computed and checked.
14:00:03.590385
Trend lines re-computed and checked.
14:15:03.996933
Trend lines re-computed and checked.
14:30:03.987921
Trend lines re-computed and checked.
14:45:03.676262
Trend lines re-computed and checked.
15:00:03.441623
15:15:04.119528
15:30:03.834852
15:45:03.553375
