False
Outside market hours; skipping crossover check.
False
Outside market hours; skipping crossover check.
False
Breakout check complete.
False
Breakout check complete.
False
Breakout check complete.
False
Breakout check complete.
False
Breakout check complete.
False
Breakout check complete.
False
Breakout check complete.
False
Breakout check complete.
False
Breakout check complete.
False
IN last_bar high
Breakout check complete.
False
Order placed: 44 shares of TATAMOTORS at approx ₹682.50
{'dhanClientId': '1102279413', 'transactionType': 'BUY', 'exchangeSegment': 'NSE_EQ', 'productType': 'CNC', 'orderType': 'MARKET', 'validity': 'DAY', 'securityId': '3456', 'quantity': 44, 'price': 682.5, 'triggerPrice': 682.5, 'afterMarketOrder': False}
Order placed for 8amitjain@gmail.com: 44 shares of TATAMOTORS at ₹682.50
Order placed: 44 shares of TATAMOTORS at approx ₹682.50
{'dhanClientId': '1100991549', 'transactionType': 'BUY', 'exchangeSegment': 'NSE_EQ', 'productType': 'CNC', 'orderType': 'MARKET', 'validity': 'DAY', 'securityId': '3456', 'quantity': 44, 'price': 682.5, 'triggerPrice': 682.5, 'afterMarketOrder': False}
Order placed for geometriya.analysis@gmail.com: 44 shares of TATAMOTORS at ₹682.50
Breakout check complete.
False
IN last_bar high
Breakout check complete.
False
Order placed: 38 shares of TATAMOTORS at approx ₹684.25
{'dhanClientId': '1102279413', 'transactionType': 'BUY', 'exchangeSegment': 'NSE_EQ', 'productType': 'CNC', 'orderType': 'MARKET', 'validity': 'DAY', 'securityId': '3456', 'quantity': 38, 'price': 684.25, 'triggerPrice': 684.25, 'afterMarketOrder': False}
Order placed for 8amitjain@gmail.com: 38 shares of TATAMOTORS at ₹684.25
Order placed: 38 shares of TATAMOTORS at approx ₹684.25
{'dhanClientId': '1100991549', 'transactionType': 'BUY', 'exchangeSegment': 'NSE_EQ', 'productType': 'CNC', 'orderType': 'MARKET', 'validity': 'DAY', 'securityId': '3456', 'quantity': 38, 'price': 684.25, 'triggerPrice': 684.25, 'afterMarketOrder': False}
Order placed for geometriya.analysis@gmail.com: 38 shares of TATAMOTORS at ₹684.25
Breakout check complete.
False
Breakout check complete.
False
IN last_bar high
Breakout check complete.
False
Order placed: 90 shares of RVNL at approx ₹378.65
{'dhanClientId': '1102279413', 'transactionType': 'BUY', 'exchangeSegment': 'NSE_EQ', 'productType': 'CNC', 'orderType': 'MARKET', 'validity': 'DAY', 'securityId': '9552', 'quantity': 90, 'price': 378.65, 'triggerPrice': 378.65, 'afterMarketOrder': False}
Order placed for 8amitjain@gmail.com: 90 shares of RVNL at ₹378.65
Order placed: 90 shares of RVNL at approx ₹378.65
{'dhanClientId': '1100991549', 'transactionType': 'BUY', 'exchangeSegment': 'NSE_EQ', 'productType': 'CNC', 'orderType': 'MARKET', 'validity': 'DAY', 'securityId': '9552', 'quantity': 90, 'price': 378.65, 'triggerPrice': 378.65, 'afterMarketOrder': False}
Order placed for geometriya.analysis@gmail.com: 90 shares of RVNL at ₹378.65
Breakout check complete.
False
Order placed: 89 shares of RVNL at approx ₹378.70
{'dhanClientId': '1102279413', 'transactionType': 'BUY', 'exchangeSegment': 'NSE_EQ', 'productType': 'CNC', 'orderType': 'MARKET', 'validity': 'DAY', 'securityId': '9552', 'quantity': 89, 'price': 378.7, 'triggerPrice': 378.7, 'afterMarketOrder': False}
Order placed for 8amitjain@gmail.com: 89 shares of RVNL at ₹378.70
Order placed: 89 shares of RVNL at approx ₹378.70
{'dhanClientId': '1100991549', 'transactionType': 'BUY', 'exchangeSegment': 'NSE_EQ', 'productType': 'CNC', 'orderType': 'MARKET', 'validity': 'DAY', 'securityId': '9552', 'quantity': 89, 'price': 378.7, 'triggerPrice': 378.7, 'afterMarketOrder': False}
Order placed for geometriya.analysis@gmail.com: 89 shares of RVNL at ₹378.70
Breakout check complete.
False
IN last_bar high
Breakout check complete.
False
IN last_bar high
Breakout check complete.
False
Order placed: 97 shares of RVNL at approx ₹378.25
{'dhanClientId': '1102279413', 'transactionType': 'BUY', 'exchangeSegment': 'NSE_EQ', 'productType': 'CNC', 'orderType': 'MARKET', 'validity': 'DAY', 'securityId': '9552', 'quantity': 97, 'price': 378.25, 'triggerPrice': 378.25, 'afterMarketOrder': False}
Order placed for 8amitjain@gmail.com: 97 shares of RVNL at ₹378.25
Order placed: 97 shares of RVNL at approx ₹378.25
{'dhanClientId': '1100991549', 'transactionType': 'BUY', 'exchangeSegment': 'NSE_EQ', 'productType': 'CNC', 'orderType': 'MARKET', 'validity': 'DAY', 'securityId': '9552', 'quantity': 97, 'price': 378.25, 'triggerPrice': 378.25, 'afterMarketOrder': False}
Order placed for geometriya.analysis@gmail.com: 97 shares of RVNL at ₹378.25
Breakout check complete.
False
Order placed: 94 shares of RVNL at approx ₹378.40
{'dhanClientId': '1102279413', 'transactionType': 'BUY', 'exchangeSegment': 'NSE_EQ', 'productType': 'CNC', 'orderType': 'MARKET', 'validity': 'DAY', 'securityId': '9552', 'quantity': 94, 'price': 378.4, 'triggerPrice': 378.4, 'afterMarketOrder': False}
Order placed for 8amitjain@gmail.com: 94 shares of RVNL at ₹378.40
Order placed: 94 shares of RVNL at approx ₹378.40
{'dhanClientId': '1100991549', 'transactionType': 'BUY', 'exchangeSegment': 'NSE_EQ', 'productType': 'CNC', 'orderType': 'MARKET', 'validity': 'DAY', 'securityId': '9552', 'quantity': 94, 'price': 378.4, 'triggerPrice': 378.4, 'afterMarketOrder': False}
Order placed for geometriya.analysis@gmail.com: 94 shares of RVNL at ₹378.40
Breakout check complete.
False
IN last_bar high
Breakout check complete.
False
Outside market hours; skipping crossover check.
False
Outside market hours; skipping crossover check.
False
Outside market hours; skipping crossover check.
False
Outside market hours; skipping crossover check.
False
Outside market hours; skipping crossover check.
False
Outside market hours; skipping crossover check.
False
IN last_bar high
Breakout check complete.
False
IN last_bar high
Breakout check complete.
False
IN last_bar high
Breakout check complete.
False
IN last_bar high
Breakout check complete.
False
IN last_bar high
Breakout check complete.
False
IN last_bar high
Breakout check complete.
False
IN last_bar high
Breakout check complete.
False
IN last_bar high
Breakout check complete.
False
IN last_bar high
Breakout check complete.
False
[Attempt 1] Request failed: ('Connection aborted.', RemoteDisconnected('Remote end closed connection without response'))
IN last_bar high
Breakout check complete.
False
IN last_bar high
Breakout check complete.
False
IN last_bar high
Breakout check complete.
False
IN last_bar high
Breakout check complete.
False
IN last_bar high
Breakout check complete.
False
IN last_bar high
Breakout check complete.
False
IN last_bar high
Breakout check complete.
False
IN last_bar high
Breakout check complete.
False
[Attempt 1] Request failed: ('Connection aborted.', RemoteDisconnected('Remote end closed connection without response'))
IN last_bar high
Breakout check complete.
False
IN last_bar high
Breakout check complete.
False
IN last_bar high
Breakout check complete.
False
IN last_bar high
Breakout check complete.
False
IN last_bar high
Breakout check complete.
False
Outside market hours; skipping crossover check.
False
Outside market hours; skipping crossover check.
False
Outside market hours; skipping crossover check.
False
Outside market hours; skipping crossover check.
False
Outside market hours; skipping crossover check.
False
Outside market hours; skipping crossover check.
False
IN last_bar high
Breakout check complete.
False
IN last_bar high
Breakout check complete.
False
IN last_bar high
Breakout check complete.
False
Order placed: 35 shares of BHARATFORG at approx ₹1217.10
{'dhanClientId': '1100991549', 'transactionType': 'BUY', 'exchangeSegment': 'NSE_EQ', 'productType': 'CNC', 'orderType': 'MARKET', 'validity': 'DAY', 'securityId': '422', 'quantity': 35, 'price': 1217.1, 'triggerPrice': 1217.1, 'afterMarketOrder': False}
Order placed for geometriya.analysis@gmail.com: 35 shares of BHARATFORG at ₹1217.10
Order placed: 35 shares of BHARATFORG at approx ₹1217.10
{'dhanClientId': '1102279413', 'transactionType': 'BUY', 'exchangeSegment': 'NSE_EQ', 'productType': 'CNC', 'orderType': 'MARKET', 'validity': 'DAY', 'securityId': '422', 'quantity': 35, 'price': 1217.1, 'triggerPrice': 1217.1, 'afterMarketOrder': False}
Order placed for 8amitjain@gmail.com: 35 shares of BHARATFORG at ₹1217.10
[Attempt 1] Request failed: 401 Client Error:  for url: https://api.dhan.co/v2/charts/intraday
[Attempt 2] Request failed: 401 Client Error:  for url: https://api.dhan.co/v2/charts/intraday
[Attempt 3] Request failed: 401 Client Error:  for url: https://api.dhan.co/v2/charts/intraday
Failed to fetch intraday OHLC after retries.
Breakout check complete.
False
IN last_bar high
IN last_bar high
Breakout check complete.
False
Order placed: 44 shares of BHARATFORG at approx ₹1214.20
{'dhanClientId': '1100991549', 'transactionType': 'BUY', 'exchangeSegment': 'NSE_EQ', 'productType': 'CNC', 'orderType': 'MARKET', 'validity': 'DAY', 'securityId': '422', 'quantity': 44, 'price': 1214.2, 'triggerPrice': 1214.2, 'afterMarketOrder': False}
Order placed for geometriya.analysis@gmail.com: 44 shares of BHARATFORG at ₹1214.20
Order placed: 44 shares of BHARATFORG at approx ₹1214.20
{'dhanClientId': '1102279413', 'transactionType': 'BUY', 'exchangeSegment': 'NSE_EQ', 'productType': 'CNC', 'orderType': 'MARKET', 'validity': 'DAY', 'securityId': '422', 'quantity': 44, 'price': 1214.2, 'triggerPrice': 1214.2, 'afterMarketOrder': False}
Order placed for 8amitjain@gmail.com: 44 shares of BHARATFORG at ₹1214.20
[Attempt 1] Request failed: 401 Client Error:  for url: https://api.dhan.co/v2/charts/intraday
[Attempt 2] Request failed: 401 Client Error:  for url: https://api.dhan.co/v2/charts/intraday
[Attempt 3] Request failed: 401 Client Error:  for url: https://api.dhan.co/v2/charts/intraday
Failed to fetch intraday OHLC after retries.
Breakout check complete.
False
IN last_bar high
Breakout check complete.
False
IN last_bar high
Breakout check complete.
False
IN last_bar high
Breakout check complete.
False
Order placed: 53 shares of RELIANCE at approx ₹1420.00
{'dhanClientId': '1100991549', 'transactionType': 'BUY', 'exchangeSegment': 'NSE_EQ', 'productType': 'CNC', 'orderType': 'MARKET', 'validity': 'DAY', 'securityId': '2885', 'quantity': 53, 'price': 1420.0, 'triggerPrice': 1420.0, 'afterMarketOrder': False}
Order placed for geometriya.analysis@gmail.com: 53 shares of RELIANCE at ₹1420.00
Order placed: 53 shares of RELIANCE at approx ₹1420.00
{'dhanClientId': '1102279413', 'transactionType': 'BUY', 'exchangeSegment': 'NSE_EQ', 'productType': 'CNC', 'orderType': 'MARKET', 'validity': 'DAY', 'securityId': '2885', 'quantity': 53, 'price': 1420.0, 'triggerPrice': 1420.0, 'afterMarketOrder': False}
Order placed for 8amitjain@gmail.com: 53 shares of RELIANCE at ₹1420.00
[Attempt 1] Request failed: 401 Client Error:  for url: https://api.dhan.co/v2/charts/intraday
[Attempt 2] Request failed: 401 Client Error:  for url: https://api.dhan.co/v2/charts/intraday
[Attempt 3] Request failed: 401 Client Error:  for url: https://api.dhan.co/v2/charts/intraday
Failed to fetch intraday OHLC after retries.
Breakout check complete.
False
Order placed: 48 shares of RELIANCE at approx ₹1421.00
{'dhanClientId': '1100991549', 'transactionType': 'BUY', 'exchangeSegment': 'NSE_EQ', 'productType': 'CNC', 'orderType': 'MARKET', 'validity': 'DAY', 'securityId': '2885', 'quantity': 48, 'price': 1421.0, 'triggerPrice': 1421.0, 'afterMarketOrder': False}
Order placed for geometriya.analysis@gmail.com: 48 shares of RELIANCE at ₹1421.00
Order placed: 48 shares of RELIANCE at approx ₹1421.00
{'dhanClientId': '1102279413', 'transactionType': 'BUY', 'exchangeSegment': 'NSE_EQ', 'productType': 'CNC', 'orderType': 'MARKET', 'validity': 'DAY', 'securityId': '2885', 'quantity': 48, 'price': 1421.0, 'triggerPrice': 1421.0, 'afterMarketOrder': False}
Order placed for 8amitjain@gmail.com: 48 shares of RELIANCE at ₹1421.00
[Attempt 1] Request failed: 401 Client Error:  for url: https://api.dhan.co/v2/charts/intraday
[Attempt 2] Request failed: 401 Client Error:  for url: https://api.dhan.co/v2/charts/intraday
[Attempt 3] Request failed: 401 Client Error:  for url: https://api.dhan.co/v2/charts/intraday
Failed to fetch intraday OHLC after retries.
Breakout check complete.
False
Order placed: 46 shares of RELIANCE at approx ₹1421.50
{'dhanClientId': '1100991549', 'transactionType': 'BUY', 'exchangeSegment': 'NSE_EQ', 'productType': 'CNC', 'orderType': 'MARKET', 'validity': 'DAY', 'securityId': '2885', 'quantity': 46, 'price': 1421.5, 'triggerPrice': 1421.5, 'afterMarketOrder': False}
Order placed for geometriya.analysis@gmail.com: 46 shares of RELIANCE at ₹1421.50
Order placed: 46 shares of RELIANCE at approx ₹1421.50
{'dhanClientId': '1102279413', 'transactionType': 'BUY', 'exchangeSegment': 'NSE_EQ', 'productType': 'CNC', 'orderType': 'MARKET', 'validity': 'DAY', 'securityId': '2885', 'quantity': 46, 'price': 1421.5, 'triggerPrice': 1421.5, 'afterMarketOrder': False}
Order placed for 8amitjain@gmail.com: 46 shares of RELIANCE at ₹1421.50
[Attempt 1] Request failed: 401 Client Error:  for url: https://api.dhan.co/v2/charts/intraday
[Attempt 2] Request failed: 401 Client Error:  for url: https://api.dhan.co/v2/charts/intraday
[Attempt 3] Request failed: 401 Client Error:  for url: https://api.dhan.co/v2/charts/intraday
Failed to fetch intraday OHLC after retries.
Breakout check complete.
False
Order placed: 44 shares of RELIANCE at approx ₹1421.90
{'dhanClientId': '1100991549', 'transactionType': 'BUY', 'exchangeSegment': 'NSE_EQ', 'productType': 'CNC', 'orderType': 'MARKET', 'validity': 'DAY', 'securityId': '2885', 'quantity': 44, 'price': 1421.9, 'triggerPrice': 1421.9, 'afterMarketOrder': False}
Order placed for geometriya.analysis@gmail.com: 44 shares of RELIANCE at ₹1421.90
Order placed: 44 shares of RELIANCE at approx ₹1421.90
{'dhanClientId': '1102279413', 'transactionType': 'BUY', 'exchangeSegment': 'NSE_EQ', 'productType': 'CNC', 'orderType': 'MARKET', 'validity': 'DAY', 'securityId': '2885', 'quantity': 44, 'price': 1421.9, 'triggerPrice': 1421.9, 'afterMarketOrder': False}
Order placed for 8amitjain@gmail.com: 44 shares of RELIANCE at ₹1421.90
[Attempt 1] Request failed: 401 Client Error:  for url: https://api.dhan.co/v2/charts/intraday
[Attempt 2] Request failed: 401 Client Error:  for url: https://api.dhan.co/v2/charts/intraday
[Attempt 3] Request failed: 401 Client Error:  for url: https://api.dhan.co/v2/charts/intraday
Failed to fetch intraday OHLC after retries.
Breakout check complete.
False
IN last_bar high
Breakout check complete.
False
IN last_bar high
Breakout check complete.
False
IN last_bar high
Breakout check complete.
False
IN last_bar high
Breakout check complete.
False
Order placed: 2500 shares of RVNL at approx ₹373.30
{'dhanClientId': '1100991549', 'transactionType': 'BUY', 'exchangeSegment': 'NSE_EQ', 'productType': 'CNC', 'orderType': 'MARKET', 'validity': 'DAY', 'securityId': '9552', 'quantity': 2500, 'price': 373.3, 'triggerPrice': 373.3, 'afterMarketOrder': False}
Order placed for geometriya.analysis@gmail.com: 2500 shares of RVNL at ₹373.30
Order placed: 2500 shares of RVNL at approx ₹373.30
{'dhanClientId': '1102279413', 'transactionType': 'BUY', 'exchangeSegment': 'NSE_EQ', 'productType': 'CNC', 'orderType': 'MARKET', 'validity': 'DAY', 'securityId': '9552', 'quantity': 2500, 'price': 373.3, 'triggerPrice': 373.3, 'afterMarketOrder': False}
Order placed for 8amitjain@gmail.com: 2500 shares of RVNL at ₹373.30
Breakout check complete.
False
IN last_bar high
Breakout check complete.
False
IN last_bar high
Breakout check complete.
