EMA crossover detected for SBI Life Insurance @ 2025-03-12 → [[45.0]]° at 2025-06-23 10:30:00
EMA crossover check complete.
EMA crossover detected for SBI Life Insurance @ 2025-03-12 → [[45.0]]° at 2025-06-23 10:30:00
EMA crossover check complete.
EMA crossover detected for SBI Life Insurance @ 2025-03-12 → [[45.0]]° at 2025-06-23 10:30:00
EMA crossover check complete.
EMA crossover detected for SBI Life Insurance @ 2025-03-12 → [[45.0]]° at 2025-06-23 10:30:00
EMA crossover check complete.
EMA crossover detected for SBI Life Insurance @ 2025-03-12 → [[45.0]]° at 2025-06-23 10:30:00
EMA crossover check complete.
EMA crossover detected for SBI Life Insurance @ 2025-03-12 → [[45.0]]° at 2025-06-23 10:30:00
EMA crossover check complete.
EMA crossover detected for SBI Life Insurance @ 2025-03-12 → [[45.0]]° at 2025-06-23 10:30:00
EMA crossover check complete.
EMA crossover detected for SBI Life Insurance @ 2025-03-12 → [[45.0]]° at 2025-06-23 10:30:00
EMA crossover check complete.
EMA crossover detected for SBI Life Insurance @ 2025-03-12 → [[45.0]]° at 2025-06-23 10:30:00
EMA crossover check complete.
EMA crossover detected for SBI Life Insurance @ 2025-03-12 → [[45.0]]° at 2025-06-23 10:30:00
EMA crossover check complete.
EMA crossover detected for SBI Life Insurance @ 2025-03-12 → [[45.0]]° at 2025-06-23 10:30:00
EMA crossover check complete.
EMA crossover detected for SBI Life Insurance @ 2025-03-12 → [[45.0]]° at 2025-06-23 10:30:00
EMA crossover check complete.
EMA crossover detected for SBI Life Insurance @ 2025-03-12 → [[45.0]]° at 2025-06-23 10:30:00
EMA crossover check complete.
EMA crossover detected for SBI Life Insurance @ 2025-03-12 → [[45.0]]° at 2025-06-23 10:30:00
EMA crossover check complete.
EMA crossover detected for SBI Life Insurance @ 2025-03-12 → [[45.0]]° at 2025-06-23 10:30:00
EMA crossover check complete.
EMA crossover detected for SBI Life Insurance @ 2025-03-12 → [[45.0]]° at 2025-06-23 10:30:00
EMA crossover check complete.
EMA crossover detected for SBI Life Insurance @ 2025-03-12 → [[45.0]]° at 2025-06-23 10:30:00
EMA crossover check complete.
EMA crossover detected for SBI Life Insurance @ 2025-03-12 → [[45.0]]° at 2025-06-23 10:30:00
EMA crossover check complete.
EMA crossover detected for SBI Life Insurance @ 2025-03-12 → [[45.0]]° at 2025-06-23 10:30:00
EMA crossover check complete.
EMA crossover detected for SBI Life Insurance @ 2025-03-12 → [[45.0]]° at 2025-06-23 10:30:00
EMA crossover check complete.
EMA crossover check complete.
EMA crossover check complete.
EMA crossover check complete.
EMA crossover check complete.
EMA crossover check complete.
EMA crossover check complete.
EMA crossover check complete.
EMA crossover check complete.
EMA crossover check complete.
EMA crossover check complete.
EMA crossover check complete.
EMA crossover check complete.
EMA crossover check complete.
EMA crossover check complete.
EMA crossover check complete.
EMA crossover check complete.
EMA crossover check complete.
EMA crossover check complete.
EMA crossover check complete.
EMA crossover check complete.
EMA crossover check complete.
EMA crossover check complete.
EMA crossover detected for SBI Life Insurance @ 2025-03-12 → [[45.0]]° at 2025-06-25 14:15:00
EMA crossover detected for SBI LIFE INSURANCE CO LTD @ 2025-03-12 → [[45.0]]° at 2025-06-25 14:15:00
EMA crossover detected for SBI LIFE INSURANCE CO LTD @ 2025-03-12 → [[63.25]]° at 2025-06-25 14:15:00
EMA crossover check complete.
EMA crossover check complete.
EMA crossover check complete.
EMA crossover check complete.
EMA crossover check complete.
EMA crossover check complete.
EMA crossover check complete.
EMA crossover check complete.
EMA crossover check complete.
EMA crossover check complete.
EMA crossover check complete.
EMA crossover check complete.
EMA crossover check complete.
EMA crossover check complete.
EMA crossover check complete.
EMA crossover check complete.
EMA crossover check complete.
EMA crossover check complete.
EMA crossover check complete.
EMA crossover check complete.
EMA crossover check complete.
EMA crossover check complete.
EMA crossover check complete.
EMA crossover check complete.
EMA crossover check complete.
EMA crossover check complete.
EMA crossover check complete.
EMA crossover check complete.
EMA crossover check complete.
EMA crossover check complete.
EMA crossover check complete.
EMA crossover check complete.
EMA crossover check complete.
EMA crossover check complete.
EMA crossover check complete.
EMA crossover check complete.
EMA crossover check complete.
EMA crossover check complete.
EMA crossover check complete.
EMA crossover check complete.
EMA crossover check complete.
EMA crossover check complete.
EMA crossover check complete.
EMA crossover check complete.
EMA crossover check complete.
EMA crossover check complete.
EMA crossover check complete.
EMA crossover check complete.
EMA crossover check complete.
EMA crossover check complete.
EMA crossover check complete.
EMA crossover check complete.
EMA crossover check complete.
EMA crossover check complete.
EMA crossover check complete.
EMA crossover check complete.
EMA crossover check complete.
EMA crossover check complete.
EMA crossover check complete.
EMA crossover check complete.
EMA crossover check complete.
EMA crossover check complete.
EMA crossover check complete.
EMA crossover check complete.
EMA crossover check complete.
EMA crossover check complete.
EMA crossover check complete.
EMA crossover check complete.
EMA crossover check complete.
EMA crossover check complete.
EMA crossover check complete.
EMA crossover check complete.
EMA crossover check complete.
EMA crossover check complete.
EMA crossover check complete.
EMA crossover check complete.
EMA crossover check complete.
EMA crossover check complete.
EMA crossover check complete.
EMA crossover check complete.
EMA crossover check complete.
EMA crossover check complete.
EMA crossover check complete.
EMA crossover check complete.
EMA crossover check complete.
EMA crossover check complete.
EMA crossover check complete.
EMA crossover check complete.
EMA crossover check complete.
EMA crossover check complete.
EMA crossover check complete.
EMA crossover check complete.
EMA crossover check complete.
EMA crossover check complete.
EMA crossover check complete.
EMA crossover check complete.
EMA crossover check complete.
EMA crossover check complete.
EMA crossover check complete.
EMA crossover check complete.
EMA crossover check complete.
EMA crossover check complete.
EMA crossover check complete.
EMA crossover check complete.
EMA crossover check complete.
EMA crossover check complete.
EMA crossover check complete.
EMA crossover check complete.
EMA crossover check complete.
EMA crossover check complete.
EMA crossover check complete.
EMA crossover check complete.
EMA crossover check complete.
EMA crossover check complete.
EMA crossover check complete.
EMA crossover check complete.
EMA crossover check complete.
EMA crossover check complete.
EMA crossover check complete.
EMA crossover check complete.
EMA crossover check complete.
EMA crossover check complete.
EMA crossover check complete.
EMA crossover check complete.
EMA crossover check complete.
EMA crossover check complete.
EMA crossover check complete.
EMA crossover check complete.
EMA crossover check complete.
EMA crossover check complete.
EMA crossover check complete.
EMA crossover check complete.
EMA crossover check complete.
EMA crossover check complete.
EMA crossover check complete.
EMA crossover check complete.
EMA crossover check complete.
EMA crossover check complete.
EMA crossover check complete.
EMA crossover check complete.
EMA crossover check complete.
EMA crossover check complete.
EMA crossover check complete.
EMA crossover check complete.
EMA crossover check complete.
EMA crossover check complete.
EMA crossover check complete.
EMA crossover check complete.
EMA crossover check complete.
EMA crossover check complete.
EMA crossover check complete.
EMA crossover check complete.
EMA crossover check complete.
EMA crossover check complete.
EMA crossover check complete.
EMA crossover check complete.
EMA crossover check complete.
EMA crossover check complete.
EMA crossover detected for SBI LIFE INSURANCE CO LTD @ 2025-03-12 → [[45.0]]° at 2025-07-07 10:00:00
EMA crossover detected for SBI LIFE INSURANCE CO LTD @ 2025-03-12 → [[63.25]]° at 2025-07-07 10:00:00
EMA crossover check complete.
EMA crossover check complete.
EMA crossover check complete.
EMA crossover check complete.
EMA crossover check complete.
EMA crossover check complete.
EMA crossover detected for ORACLE FIN SERV SOFT LTD. @ 2025-04-07 → [[45.0]]° at 2025-07-07 11:15:00
EMA crossover check complete.
EMA crossover check complete.
EMA crossover check complete.
EMA crossover check complete.
EMA crossover check complete.
EMA crossover check complete.
EMA crossover check complete.
EMA crossover check complete.
EMA crossover detected for ASTRAL LIMITED @ 2025-04-15 → [[45.0]]° at 2025-07-07 13:30:00
EMA crossover detected for ASTRAL LIMITED @ 2025-04-15 → [[63.75]]° at 2025-07-07 13:30:00
EMA crossover check complete.
EMA crossover check complete.
EMA crossover check complete.
EMA crossover check complete.
EMA crossover check complete.
EMA crossover check complete.
Outside market hours; skipping crossover check.
Outside market hours; skipping crossover check.
DEMA crossover check complete.
DEMA5 DEMA25
5 25

1486.1933497562045 1484.627702233261
📈 DEMA 5/25 Crossover for ASTRAL LIMITED at 08/07/2025 09:30 AM
DEMA crossover check complete.
DEMA crossover check complete.
DEMA crossover check complete.
DEMA crossover check complete.
DEMA crossover check complete.
DEMA crossover check complete.
DEMA crossover check complete.
DEMA crossover check complete.
DEMA crossover check complete.
DEMA crossover check complete.
DEMA crossover check complete.
DEMA crossover check complete.
DEMA crossover check complete.
DEMA crossover check complete.
DEMA crossover check complete.
DEMA crossover check complete.
DEMA crossover check complete.
DEMA crossover check complete.
DEMA crossover check complete.
DEMA crossover check complete.
DEMA crossover check complete.
Outside market hours; skipping crossover check.
Outside market hours; skipping crossover check.
Outside market hours; skipping crossover check.
Outside market hours; skipping crossover check.
Outside market hours; skipping crossover check.
Outside market hours; skipping crossover check.
DEMA crossover check complete.
DEMA crossover check complete.
DEMA crossover check complete.
DEMA crossover check complete.
DEMA crossover check complete.
DEMA crossover check complete.
DEMA crossover check complete.
DEMA crossover check complete.
DEMA crossover check complete.
DEMA crossover check complete.
DEMA crossover check complete.
DEMA crossover check complete.
DEMA crossover check complete.
DEMA crossover check complete.
DEMA crossover check complete.
DEMA crossover check complete.
DEMA crossover check complete.
DEMA crossover check complete.
DEMA crossover check complete.
DEMA crossover check complete.
DEMA crossover check complete.
DEMA crossover check complete.
Outside market hours; skipping crossover check.
Outside market hours; skipping crossover check.
Outside market hours; skipping crossover check.
Outside market hours; skipping crossover check.
Outside market hours; skipping crossover check.
Outside market hours; skipping crossover check.
DEMA crossover check complete.
DEMA5 DEMA25
5 25

3427.567481580787 3421.1203430461715
No bars found up to touch time for TITAN COMPANY LIMITED; skipping.
DEMA crossover check complete.
DEMA crossover check complete.
DEMA crossover check complete.
DEMA crossover check complete.
DEMA crossover check complete.
DEMA crossover check complete.
DEMA5 DEMA25
5 25

178.86207858875764 178.66157541488565
DEMA crossover check complete.
DEMA5 DEMA25
5 25

178.43473762631533 178.69533136962292
DEMA crossover check complete.
DEMA5 DEMA25
5 25

178.17702227983273 178.65424982609548
DEMA crossover check complete.
DEMA5 DEMA25
5 25

178.13614631697016 178.6404628906277
DEMA crossover check complete.
DEMA5 DEMA25
5 25

178.28729629825676 178.67025116519585
DEMA crossover check complete.
DEMA5 DEMA25
5 25

178.50699670124447 178.72989175911667
DEMA crossover check complete.
DEMA5 DEMA25
5 25

178.46497502465633 178.73763349737393
DEMA crossover check complete.
DEMA5 DEMA25
5 25

178.2957459434331 178.70382980986906
DEMA crossover check complete.
DEMA5 DEMA25
5 25

177.932116802508 178.5992643612858
DEMA crossover check complete.
DEMA5 DEMA25
5 25

177.86804642848483 178.53863306568064
DEMA crossover check complete.
DEMA5 DEMA25
5 25

177.65867665908735 178.43431626311954
DEMA crossover check complete.
DEMA5 DEMA25
5 25

177.72688157723434 178.3861154593804
DEMA crossover check complete.
DEMA5 DEMA25
5 25

177.88976358782918 178.3730561031803
DEMA crossover check complete.
DEMA5 DEMA25
5 25

178.18884852722363 178.41492827243476
DEMA crossover check complete.
DEMA5 DEMA25
5 25

178.48968088615186 178.4877961073472
No bars found up to touch time for BANDHAN BANK LIMITED; skipping.
DEMA crossover check complete.
Outside market hours; skipping crossover check.
Outside market hours; skipping crossover check.
Outside market hours; skipping crossover check.
Outside market hours; skipping crossover check.
Outside market hours; skipping crossover check.
Outside market hours; skipping crossover check.
DEMA crossover check complete.
DEMA crossover check complete.
DEMA crossover check complete.
DEMA5 DEMA25
5 25

1267.5204526581967 1265.171253735199
No bars found up to touch time for DR. REDDY S LABORATORIES; skipping.
DEMA5 DEMA25
5 25

1411.5324954053171 1411.0299165461893
DEMA crossover check complete.
DEMA5 DEMA25
5 25

1415.6229874831636 1412.6120270566446
No bars found up to touch time for MACROTECH DEVELOPERS LTD; skipping.
DEMA crossover check complete.
DEMA crossover check complete.
DEMA5 DEMA25
5 25

112.42263617739991 113.03635720727284
DEMA5 DEMA25
5 25

3166.4820631052835 3200.3761969981283
DEMA crossover check complete.
DEMA5 DEMA25
5 25

112.49391286379272 112.93719562821592
DEMA5 DEMA25
5 25

3172.290332966013 3195.4469821488933
DEMA crossover check complete.
DEMA5 DEMA25
5 25

112.49391286379272 112.93719562821592
DEMA5 DEMA25
5 25

3173.506193685669 3190.4928169391974
DEMA crossover check complete.
DEMA5 DEMA25
5 25

112.7655068243755 112.8188393899525
No bars found up to touch time for NBCC (INDIA) LIMITED; skipping.
DEMA5 DEMA25
5 25

3180.0347769293307 3187.649665417686
DEMA crossover check complete.
DEMA5 DEMA25
5 25

3178.621394267699 3183.839822314045
DEMA crossover check complete.
DEMA5 DEMA25
5 25

3178.1797359438965 3180.6081227327522
No bars found up to touch time for MAZAGON DOCK SHIPBUIL LTD; skipping.
DEMA crossover check complete.
DEMA5 DEMA25
5 25

7.204445040848261 7.192851544316418
No bars found up to touch time for VODAFONE IDEA LIMITED; skipping.
DEMA5 DEMA25
5 25

242.27469803878148 241.86629995038783
No bars found up to touch time for OIL AND NATURAL GAS CORP.; skipping.
DEMA crossover check complete.
DEMA crossover check complete.
DEMA crossover check complete.
DEMA crossover check complete.
DEMA crossover check complete.
DEMA crossover check complete.
DEMA crossover check complete.
DEMA crossover check complete.
DEMA crossover check complete.
DEMA crossover check complete.
Outside market hours; skipping crossover check.
Outside market hours; skipping crossover check.
Outside market hours; skipping crossover check.
Outside market hours; skipping crossover check.
False
Outside market hours; skipping crossover check.
False
Outside market hours; skipping crossover check.
False
<QuerySet []> recent
DEMA crossover check complete.
False
<QuerySet []> recent
DEMA crossover check complete.
False
<QuerySet []> recent
DEMA crossover check complete.
False
<QuerySet []> recent
DEMA crossover check complete.
False
<QuerySet []> recent
DEMA crossover check complete.
False
<QuerySet []> recent
DEMA crossover check complete.
False
<QuerySet []> recent
DEMA crossover check complete.
False
<QuerySet []> recent
DEMA crossover check complete.
False
<QuerySet []> recent
DEMA crossover check complete.
False
<QuerySet []> recent
DEMA crossover check complete.
False
<QuerySet []> recent
DEMA crossover check complete.
False
<QuerySet []> recent
DEMA crossover check complete.
False
<QuerySet []> recent
DEMA crossover check complete.
False
<QuerySet []> recent
DEMA crossover check complete.
False
<QuerySet []> recent
DEMA crossover check complete.
False
<QuerySet []> recent
DEMA crossover check complete.
False
<QuerySet []> recent
DEMA crossover check complete.
False
<QuerySet [<TrendLineCheck: OIL AND NATURAL GAS CORP. @ 2025-04-07 → [[45.0]]° on 2025-07-11: ✔>, <TrendLineCheck: VODAFONE IDEA LIMITED @ 2025-06-19 → [[45.0]]° on 2025-07-11: ✔>, <TrendLineCheck: MAZAGON DOCK SHIPBUIL LTD @ 2025-04-07 → [[45.0]]° on 2025-07-11: ✔>, <TrendLineCheck: NBCC (INDIA) LIMITED @ 2025-03-03 → [[45.0]]° on 2025-07-11: ✔>, <TrendLineCheck: MACROTECH DEVELOPERS LTD @ 2025-03-17 → [[45.0]]° on 2025-07-11: ✔>, <TrendLineCheck: DR. REDDY S LABORATORIES @ 2025-04-07 → [[45.0]]° on 2025-07-11: ✔>, <TrendLineCheck: BANDHAN BANK LIMITED @ 2025-02-18 → [[45.0]]° on 2025-07-10: ✔>, <TrendLineCheck: TITAN COMPANY LIMITED @ 2025-04-07 → [[45.0]]° on 2025-07-10: ✔>]> recent
2025-07-14
DEMA5 DEMA9
5 9

244.03673220257107 243.87550379442644
INNN
8amitjain@gmail.com | Risk per unit: ₹3.20 | Risk per trade: ₹500
{'dhanClientId': '1102279413', 'transactionType': 'BUY', 'exchangeSegment': 'NSE_EQ', 'productType': 'CNC', 'orderType': 'MARKET', 'validity': 'DAY', 'securityId': '2475', 'quantity': 156, 'price': 244.0, 'triggerPrice': 244.0, 'afterMarketOrder': True}
Order placement failed: 400 – {"errorType":"Input_Exception","errorCode":"DH-905","errorMessage":"Missing required fields, bad values for parameters etc."}
Failed to place order for OIL AND NATURAL GAS CORP.: Order placement failed: 400 – {"errorType":"Input_Exception","errorCode":"DH-905","errorMessage":"Missing required fields, bad values for parameters etc."}
Purchase OIL AND NATURAL GAS CORP. at 14/07/2025 01:45 PM
2025-07-14
Traceback (most recent call last):
  File "/home/ubuntu/Geo-Algo/manage.py", line 22, in <module>
    main()
  File "/home/ubuntu/Geo-Algo/manage.py", line 18, in main
    execute_from_command_line(sys.argv)
  File "/home/ubuntu/Geo-Algo/venv/lib/python3.8/site-packages/django/core/management/__init__.py", line 442, in execute_from_command_line
    utility.execute()
  File "/home/ubuntu/Geo-Algo/venv/lib/python3.8/site-packages/django/core/management/__init__.py", line 436, in execute
    self.fetch_command(subcommand).run_from_argv(self.argv)
  File "/home/ubuntu/Geo-Algo/venv/lib/python3.8/site-packages/django/core/management/base.py", line 412, in run_from_argv
    self.execute(*args, **cmd_options)
  File "/home/ubuntu/Geo-Algo/venv/lib/python3.8/site-packages/django/core/management/base.py", line 458, in execute
    output = self.handle(*args, **options)
  File "/home/ubuntu/Geo-Algo/market/management/commands/check_ema_crossover.py", line 172, in handle
    EMACrossoverChecker(settings.DATA_DHAN_ACCESS_TOKEN).run()
  File "/home/ubuntu/Geo-Algo/market/management/commands/check_ema_crossover.py", line 39, in run
    df = self.client.get_intraday_ohlc(
  File "/home/ubuntu/Geo-Algo/market/dhan.py", line 116, in get_intraday_ohlc
    resp.raise_for_status()
  File "/home/ubuntu/Geo-Algo/venv/lib/python3.8/site-packages/requests/models.py", line 1024, in raise_for_status
    raise HTTPError(http_error_msg, response=self)
requests.exceptions.HTTPError: 401 Client Error:  for url: https://api.dhan.co/v2/charts/intraday
False
<QuerySet [<TrendLineCheck: VODAFONE IDEA LIMITED @ 2025-06-19 → [[45.0]]° on 2025-07-11: ✔>, <TrendLineCheck: MAZAGON DOCK SHIPBUIL LTD @ 2025-04-07 → [[45.0]]° on 2025-07-11: ✔>, <TrendLineCheck: NBCC (INDIA) LIMITED @ 2025-03-03 → [[45.0]]° on 2025-07-11: ✔>, <TrendLineCheck: MACROTECH DEVELOPERS LTD @ 2025-03-17 → [[45.0]]° on 2025-07-11: ✔>, <TrendLineCheck: DR. REDDY S LABORATORIES @ 2025-04-07 → [[45.0]]° on 2025-07-11: ✔>, <TrendLineCheck: BANDHAN BANK LIMITED @ 2025-02-18 → [[45.0]]° on 2025-07-10: ✔>, <TrendLineCheck: TITAN COMPANY LIMITED @ 2025-04-07 → [[45.0]]° on 2025-07-10: ✔>]> recent
2025-07-14
DEMA5 DEMA9
5 9

7.606069068188192 7.6355705349557335
DEMA5 DEMA25
5 25

7.606069068188192 7.633008672772985
2025-07-14
DEMA5 DEMA9
5 9

3119.4993013078392 3118.9095747194424
INNN
8amitjain@gmail.com | Risk per unit: ₹31.20 | Risk per trade: ₹500
{'dhanClientId': '1102279413', 'transactionType': 'BUY', 'exchangeSegment': 'NSE_EQ', 'productType': 'CNC', 'orderType': 'MARKET', 'validity': 'DAY', 'securityId': '509', 'quantity': 16, 'price': 3118.8, 'triggerPrice': 3118.8, 'afterMarketOrder': False}
Order placed: 16 shares of MAZAGON DOCK SHIPBUIL LTD at approx ₹3118.80
Purchase MAZAGON DOCK SHIPBUIL LTD at 14/07/2025 02:00 PM
2025-07-14
Traceback (most recent call last):
  File "/home/ubuntu/Geo-Algo/manage.py", line 22, in <module>
    main()
  File "/home/ubuntu/Geo-Algo/manage.py", line 18, in main
    execute_from_command_line(sys.argv)
  File "/home/ubuntu/Geo-Algo/venv/lib/python3.8/site-packages/django/core/management/__init__.py", line 442, in execute_from_command_line
    utility.execute()
  File "/home/ubuntu/Geo-Algo/venv/lib/python3.8/site-packages/django/core/management/__init__.py", line 436, in execute
    self.fetch_command(subcommand).run_from_argv(self.argv)
  File "/home/ubuntu/Geo-Algo/venv/lib/python3.8/site-packages/django/core/management/base.py", line 412, in run_from_argv
    self.execute(*args, **cmd_options)
  File "/home/ubuntu/Geo-Algo/venv/lib/python3.8/site-packages/django/core/management/base.py", line 458, in execute
    output = self.handle(*args, **options)
  File "/home/ubuntu/Geo-Algo/market/management/commands/check_ema_crossover.py", line 172, in handle
    EMACrossoverChecker(settings.DATA_DHAN_ACCESS_TOKEN).run()
  File "/home/ubuntu/Geo-Algo/market/management/commands/check_ema_crossover.py", line 39, in run
    df = self.client.get_intraday_ohlc(
  File "/home/ubuntu/Geo-Algo/market/dhan.py", line 116, in get_intraday_ohlc
    resp.raise_for_status()
  File "/home/ubuntu/Geo-Algo/venv/lib/python3.8/site-packages/requests/models.py", line 1024, in raise_for_status
    raise HTTPError(http_error_msg, response=self)
requests.exceptions.HTTPError: 401 Client Error:  for url: https://api.dhan.co/v2/charts/intraday
False
<QuerySet []> recent
DEMA crossover check complete.
False
<QuerySet []> recent
DEMA crossover check complete.
False
<QuerySet []> recent
DEMA crossover check complete.
False
Outside market hours; skipping crossover check.
False
Outside market hours; skipping crossover check.
False
Outside market hours; skipping crossover check.
False
Outside market hours; skipping crossover check.
False
Outside market hours; skipping crossover check.
False
Outside market hours; skipping crossover check.
False
<QuerySet []> recent
DEMA crossover check complete.
False
<QuerySet [<TrendLineCheck: ACC LIMITED @ 2025-06-20 → [[63.75]]° on 2025-07-15: ✔>, <TrendLineCheck: LARSEN & TOUBRO LTD. @ 2025-04-07 → [[45.0]]° on 2025-07-15: ✔>, <TrendLineCheck: BANK OF INDIA @ 2025-03-11 → [[45.0]]° on 2025-07-15: ✔>, <TrendLineCheck: TATA STEEL LIMITED @ 2025-04-07 → [[45.0]]° on 2025-07-15: ✔>]> recent
2025-07-15
DEMA5 DEMA25
5 25

1987.4279078329764 1977.4288812894213
INNN
8amitjain@gmail.com | Risk per unit: ₹6.50 | Risk per trade: ₹500
{'dhanClientId': '1102279413', 'transactionType': 'BUY', 'exchangeSegment': 'NSE_EQ', 'productType': 'CNC', 'orderType': 'MARKET', 'validity': 'DAY', 'securityId': '22', 'quantity': 76, 'price': 1986.6, 'triggerPrice': 1986.6, 'afterMarketOrder': False}
Order placed: 76 shares of ACC LIMITED at approx ₹1986.60
anandkene3073@gmail.com | Risk per unit: ₹6.50 | Risk per trade: ₹500
{'dhanClientId': '1101861847', 'transactionType': 'BUY', 'exchangeSegment': 'NSE_EQ', 'productType': 'CNC', 'orderType': 'MARKET', 'validity': 'DAY', 'securityId': '22', 'quantity': 76, 'price': 1986.6, 'triggerPrice': 1986.6, 'afterMarketOrder': False}
Order placed: 76 shares of ACC LIMITED at approx ₹1986.60
Purchase ACC LIMITED at 15/07/2025 09:45 AM
2025-07-15
DEMA5 DEMA25
5 25

3493.999149285326 3486.0792191369765
INNN
8amitjain@gmail.com | Risk per unit: ₹1.70 | Risk per trade: ₹500
{'dhanClientId': '1102279413', 'transactionType': 'BUY', 'exchangeSegment': 'NSE_EQ', 'productType': 'CNC', 'orderType': 'MARKET', 'validity': 'DAY', 'securityId': '11483', 'quantity': 294, 'price': 3491.8, 'triggerPrice': 3491.8, 'afterMarketOrder': False}
Order placed: 294 shares of LARSEN & TOUBRO LTD. at approx ₹3491.80
anandkene3073@gmail.com | Risk per unit: ₹1.70 | Risk per trade: ₹500
{'dhanClientId': '1101861847', 'transactionType': 'BUY', 'exchangeSegment': 'NSE_EQ', 'productType': 'CNC', 'orderType': 'MARKET', 'validity': 'DAY', 'securityId': '11483', 'quantity': 294, 'price': 3491.8, 'triggerPrice': 3491.8, 'afterMarketOrder': False}
Order placed: 294 shares of LARSEN & TOUBRO LTD. at approx ₹3491.80
Purchase LARSEN & TOUBRO LTD. at 15/07/2025 09:45 AM
2025-07-15
DEMA5 DEMA25
5 25

115.08793683355233 115.02552944072278
INNN
8amitjain@gmail.com | Risk per unit: ₹0.06 | Risk per trade: ₹500
{'dhanClientId': '1102279413', 'transactionType': 'BUY', 'exchangeSegment': 'NSE_EQ', 'productType': 'CNC', 'orderType': 'MARKET', 'validity': 'DAY', 'securityId': '4745', 'quantity': 8333, 'price': 115.04, 'triggerPrice': 115.04, 'afterMarketOrder': False}
Order placed: 8333 shares of BANK OF INDIA at approx ₹115.04
anandkene3073@gmail.com | Risk per unit: ₹0.06 | Risk per trade: ₹500
{'dhanClientId': '1101861847', 'transactionType': 'BUY', 'exchangeSegment': 'NSE_EQ', 'productType': 'CNC', 'orderType': 'MARKET', 'validity': 'DAY', 'securityId': '4745', 'quantity': 8333, 'price': 115.04, 'triggerPrice': 115.04, 'afterMarketOrder': False}
Order placed: 8333 shares of BANK OF INDIA at approx ₹115.04
Purchase BANK OF INDIA at 15/07/2025 09:45 AM
2025-07-15
DEMA5 DEMA25
5 25

158.9629424325828 159.81295715288957
DEMA crossover check complete.
False
<QuerySet [<TrendLineCheck: TATA STEEL LIMITED @ 2025-04-07 → [[45.0]]° on 2025-07-15: ✔>]> recent
2025-07-15
DEMA5 DEMA25
5 25

158.99688033763718 159.72917653441
DEMA crossover check complete.
False
<QuerySet [<TrendLineCheck: TATA STEEL LIMITED @ 2025-04-07 → [[45.0]]° on 2025-07-15: ✔>]> recent
2025-07-15
DEMA5 DEMA25
5 25

158.96984134434362 159.61991719595432
DEMA crossover check complete.
False
<QuerySet [<TrendLineCheck: TATA STEEL LIMITED @ 2025-04-07 → [[45.0]]° on 2025-07-15: ✔>]> recent
2025-07-15
DEMA5 DEMA25
5 25

158.72277991400216 159.44366947119767
DEMA crossover check complete.
False
<QuerySet [<TrendLineCheck: TATA STEEL LIMITED @ 2025-04-07 → [[45.0]]° on 2025-07-15: ✔>]> recent
2025-07-15
DEMA5 DEMA25
5 25

158.7758758310601 159.35393014938438
DEMA crossover check complete.
False
<QuerySet [<TrendLineCheck: TATA STEEL LIMITED @ 2025-04-07 → [[45.0]]° on 2025-07-15: ✔>]> recent
2025-07-15
DEMA5 DEMA25
5 25

158.9847470722272 159.3285836863441
DEMA crossover check complete.
False
<QuerySet [<TrendLineCheck: TATA STEEL LIMITED @ 2025-04-07 → [[45.0]]° on 2025-07-15: ✔>]> recent
2025-07-15
DEMA5 DEMA25
5 25

159.10063152941206 159.29557951395728
DEMA crossover check complete.
False
<QuerySet [<TrendLineCheck: TATA STEEL LIMITED @ 2025-04-07 → [[45.0]]° on 2025-07-15: ✔>]> recent
2025-07-15
DEMA5 DEMA25
5 25

159.13502852563363 159.2539765421753
DEMA crossover check complete.
False
<QuerySet [<TrendLineCheck: TATA STEEL LIMITED @ 2025-04-07 → [[45.0]]° on 2025-07-15: ✔>]> recent
2025-07-15
DEMA5 DEMA25
5 25

159.40901661369872 159.30159385400214
INNN
8amitjain@gmail.com | Risk per unit: ₹1.54 | Risk per trade: ₹500
{'dhanClientId': '1102279413', 'transactionType': 'BUY', 'exchangeSegment': 'NSE_EQ', 'productType': 'CNC', 'orderType': 'MARKET', 'validity': 'DAY', 'securityId': '3499', 'quantity': 324, 'price': 159.49, 'triggerPrice': 159.49, 'afterMarketOrder': False}
Order placed: 324 shares of TATA STEEL LIMITED at approx ₹159.49
Purchase TATA STEEL LIMITED at 15/07/2025 11:45 AM
DEMA crossover check complete.
False
<QuerySet []> recent
DEMA crossover check complete.
False
<QuerySet []> recent
DEMA crossover check complete.
False
<QuerySet []> recent
DEMA crossover check complete.
False
<QuerySet []> recent
DEMA crossover check complete.
False
<QuerySet []> recent
DEMA crossover check complete.
False
<QuerySet []> recent
DEMA crossover check complete.
False
<QuerySet []> recent
DEMA crossover check complete.
False
<QuerySet []> recent
DEMA crossover check complete.
False
<QuerySet []> recent
DEMA crossover check complete.
False
<QuerySet []> recent
DEMA crossover check complete.
False
<QuerySet []> recent
DEMA crossover check complete.
False
<QuerySet []> recent
DEMA crossover check complete.
False
Outside market hours; skipping crossover check.
False
Outside market hours; skipping crossover check.
False
Outside market hours; skipping crossover check.
False
Outside market hours; skipping crossover check.
False
Outside market hours; skipping crossover check.
False
Outside market hours; skipping crossover check.
False
<QuerySet []> recent
DEMA crossover check complete.
False
<QuerySet []> recent
DEMA crossover check complete.
False
<QuerySet []> recent
DEMA crossover check complete.
False
<QuerySet []> recent
DEMA crossover check complete.
False
<QuerySet []> recent
DEMA crossover check complete.
False
<QuerySet []> recent
DEMA crossover check complete.
False
<QuerySet []> recent
DEMA crossover check complete.
False
<QuerySet []> recent
DEMA crossover check complete.
False
<QuerySet []> recent
DEMA crossover check complete.
False
<QuerySet []> recent
DEMA crossover check complete.
False
<QuerySet []> recent
DEMA crossover check complete.
False
<QuerySet []> recent
DEMA crossover check complete.
False
<QuerySet []> recent
DEMA crossover check complete.
False
<QuerySet []> recent
DEMA crossover check complete.
False
<QuerySet []> recent
DEMA crossover check complete.
False
<QuerySet []> recent
DEMA crossover check complete.
False
<QuerySet []> recent
DEMA crossover check complete.
False
<QuerySet []> recent
DEMA crossover check complete.
False
<QuerySet []> recent
DEMA crossover check complete.
False
<QuerySet []> recent
DEMA crossover check complete.
False
<QuerySet []> recent
DEMA crossover check complete.
False
<QuerySet []> recent
DEMA crossover check complete.
False
Outside market hours; skipping crossover check.
False
Outside market hours; skipping crossover check.
False
Outside market hours; skipping crossover check.
False
Outside market hours; skipping crossover check.
False
Outside market hours; skipping crossover check.
False
Outside market hours; skipping crossover check.
False
<QuerySet []> recent
DEMA crossover check complete.
False
<QuerySet []> recent
DEMA crossover check complete.
False
<QuerySet []> recent
DEMA crossover check complete.
False
<QuerySet []> recent
DEMA crossover check complete.
False
<QuerySet []> recent
DEMA crossover check complete.
False
<QuerySet []> recent
DEMA crossover check complete.
False
<QuerySet []> recent
DEMA crossover check complete.
False
<QuerySet []> recent
DEMA crossover check complete.
False
<QuerySet []> recent
DEMA crossover check complete.
False
<QuerySet []> recent
DEMA crossover check complete.
False
<QuerySet []> recent
DEMA crossover check complete.
False
<QuerySet []> recent
DEMA crossover check complete.
False
<QuerySet []> recent
DEMA crossover check complete.
False
<QuerySet []> recent
DEMA crossover check complete.
False
<QuerySet []> recent
DEMA crossover check complete.
False
<QuerySet []> recent
DEMA crossover check complete.
False
<QuerySet []> recent
DEMA crossover check complete.
False
<QuerySet []> recent
DEMA crossover check complete.
False
<QuerySet []> recent
DEMA crossover check complete.
False
<QuerySet []> recent
DEMA crossover check complete.
False
<QuerySet []> recent
DEMA crossover check complete.
False
<QuerySet []> recent
DEMA crossover check complete.
False
Outside market hours; skipping crossover check.
False
Outside market hours; skipping crossover check.
False
Outside market hours; skipping crossover check.
False
Outside market hours; skipping crossover check.
