False
4 trend lines updated.
False
[Attempt 1] Rate limit hit. Retrying in 10 sec...
10 trend lines updated.
False
[Attempt 1] Rate limit hit. Retrying in 10 sec...
10 trend lines updated.
False
[Attempt 1] Rate limit hit. Retrying in 10 sec...
10 trend lines updated.
False
[Attempt 1] Rate limit hit. Retrying in 10 sec...
[Attempt 1] Rate limit hit. Retrying in 10 sec...
[Attempt 1] Rate limit hit. Retrying in 10 sec...
16 trend lines updated.
False
[Attempt 1] Rate limit hit. Retrying in 10 sec...
[Attempt 1] Rate limit hit. Retrying in 10 sec...
[Attempt 1] Rate limit hit. Retrying in 10 sec...
18 trend lines updated.
False
[Attempt 1] Rate limit hit. Retrying in 10 sec...
[Attempt 1] Rate limit hit. Retrying in 10 sec...
Failed to update trend line 83: 429 Client Error:  for url: https://api.dhan.co/v2/charts/historical
[Attempt 1] Rate limit hit. Retrying in 10 sec...
Failed to update trend line 86: 429 Client Error:  for url: https://api.dhan.co/v2/charts/historical
[Attempt 1] Rate limit hit. Retrying in 10 sec...
[Attempt 1] Rate limit hit. Retrying in 10 sec...
22 trend lines updated.
False
[Attempt 1] Rate limit hit. Retrying in 10 sec...
[Attempt 1] Rate limit hit. Retrying in 10 sec...
[Attempt 1] Rate limit hit. Retrying in 10 sec...
Failed to update trend line 88: 429 Client Error:  for url: https://api.dhan.co/v2/charts/historical
[Attempt 1] Rate limit hit. Retrying in 10 sec...
[Attempt 1] Rate limit hit. Retrying in 10 sec...
23 trend lines updated.
False
Failed to update trend line 69: 429 Client Error:  for url: https://api.dhan.co/v2/charts/historical
[Attempt 1] Rate limit hit. Retrying in 10 sec...
[Attempt 1] Rate limit hit. Retrying in 10 sec...
[Attempt 1] Rate limit hit. Retrying in 10 sec...
[Attempt 1] Rate limit hit. Retrying in 10 sec...
23 trend lines updated.
False
No OHLC data returned.
Failed to update trend line 338: index -1 is out of bounds for axis 0 with size 0
No OHLC data returned.
Failed to update trend line 339: index -1 is out of bounds for axis 0 with size 0
[Attempt 1] Rate limit hit (429). Retrying in 10 sec...
No OHLC data returned.
Failed to update trend line 340: index -1 is out of bounds for axis 0 with size 0
No OHLC data returned.
Failed to update trend line 341: index -1 is out of bounds for axis 0 with size 0
No OHLC data returned.
Failed to update trend line 342: index -1 is out of bounds for axis 0 with size 0
[Attempt 1] Rate limit hit. Retrying in 10 sec...
No OHLC data returned.
Failed to update trend line 343: index -1 is out of bounds for axis 0 with size 0
No OHLC data returned.
Failed to update trend line 344: index -1 is out of bounds for axis 0 with size 0
[Attempt 1] Rate limit hit (429). Retrying in 10 sec...
No OHLC data returned.
Failed to update trend line 345: index -1 is out of bounds for axis 0 with size 0
No OHLC data returned.
Failed to update trend line 346: index -1 is out of bounds for axis 0 with size 0
No OHLC data returned.
Failed to update trend line 347: index -1 is out of bounds for axis 0 with size 0
[Attempt 1] Rate limit hit. Retrying in 10 sec...
No OHLC data returned.
Failed to update trend line 348: index -1 is out of bounds for axis 0 with size 0
No OHLC data returned.
Failed to update trend line 349: index -1 is out of bounds for axis 0 with size 0
[Attempt 1] Rate limit hit (429). Retrying in 10 sec...
No OHLC data returned.
Failed to update trend line 350: index -1 is out of bounds for axis 0 with size 0
No OHLC data returned.
Failed to update trend line 351: index -1 is out of bounds for axis 0 with size 0
No OHLC data returned.
Failed to update trend line 352: index -1 is out of bounds for axis 0 with size 0
[Attempt 1] Rate limit hit. Retrying in 10 sec...
No OHLC data returned.
Failed to update trend line 353: index -1 is out of bounds for axis 0 with size 0
No OHLC data returned.
Failed to update trend line 354: index -1 is out of bounds for axis 0 with size 0
[Attempt 1] Rate limit hit (429). Retrying in 10 sec...
No OHLC data returned.
Failed to update trend line 355: index -1 is out of bounds for axis 0 with size 0
No OHLC data returned.
Failed to update trend line 356: index -1 is out of bounds for axis 0 with size 0
No OHLC data returned.
Failed to update trend line 357: index -1 is out of bounds for axis 0 with size 0
[Attempt 1] Rate limit hit. Retrying in 10 sec...
No OHLC data returned.
Failed to update trend line 358: index -1 is out of bounds for axis 0 with size 0
No OHLC data returned.
Failed to update trend line 359: index -1 is out of bounds for axis 0 with size 0
[Attempt 1] Rate limit hit (429). Retrying in 10 sec...
No OHLC data returned.
Failed to update trend line 360: index -1 is out of bounds for axis 0 with size 0
No OHLC data returned.
Failed to update trend line 361: index -1 is out of bounds for axis 0 with size 0
No OHLC data returned.
Failed to update trend line 362: index -1 is out of bounds for axis 0 with size 0
[Attempt 1] Rate limit hit. Retrying in 10 sec...
No OHLC data returned.
Failed to update trend line 363: index -1 is out of bounds for axis 0 with size 0
No OHLC data returned.
Failed to update trend line 364: index -1 is out of bounds for axis 0 with size 0
[Attempt 1] Rate limit hit (429). Retrying in 10 sec...
No OHLC data returned.
Failed to update trend line 365: index -1 is out of bounds for axis 0 with size 0
No OHLC data returned.
Failed to update trend line 366: index -1 is out of bounds for axis 0 with size 0
No OHLC data returned.
Failed to update trend line 367: index -1 is out of bounds for axis 0 with size 0
[Attempt 1] Rate limit hit. Retrying in 10 sec...
No OHLC data returned.
Failed to update trend line 368: index -1 is out of bounds for axis 0 with size 0
No OHLC data returned.
Failed to update trend line 369: index -1 is out of bounds for axis 0 with size 0
[Attempt 1] Rate limit hit (429). Retrying in 10 sec...
No OHLC data returned.
Failed to update trend line 370: index -1 is out of bounds for axis 0 with size 0
No OHLC data returned.
Failed to update trend line 371: index -1 is out of bounds for axis 0 with size 0
No OHLC data returned.
Failed to update trend line 372: index -1 is out of bounds for axis 0 with size 0
[Attempt 1] Rate limit hit. Retrying in 10 sec...
No OHLC data returned.
Failed to update trend line 373: index -1 is out of bounds for axis 0 with size 0
No OHLC data returned.
Failed to update trend line 374: index -1 is out of bounds for axis 0 with size 0
[Attempt 1] Rate limit hit (429). Retrying in 10 sec...
No OHLC data returned.
Failed to update trend line 375: index -1 is out of bounds for axis 0 with size 0
No OHLC data returned.
Failed to update trend line 376: index -1 is out of bounds for axis 0 with size 0
No OHLC data returned.
Failed to update trend line 377: index -1 is out of bounds for axis 0 with size 0
[Attempt 1] Rate limit hit. Retrying in 10 sec...
No OHLC data returned.
Failed to update trend line 378: index -1 is out of bounds for axis 0 with size 0
No OHLC data returned.
Failed to update trend line 379: index -1 is out of bounds for axis 0 with size 0
[Attempt 1] Rate limit hit (429). Retrying in 10 sec...
No OHLC data returned.
Failed to update trend line 380: index -1 is out of bounds for axis 0 with size 0
No OHLC data returned.
Failed to update trend line 381: index -1 is out of bounds for axis 0 with size 0
No OHLC data returned.
Failed to update trend line 382: index -1 is out of bounds for axis 0 with size 0
[Attempt 1] Rate limit hit. Retrying in 10 sec...
No OHLC data returned.
Failed to update trend line 383: index -1 is out of bounds for axis 0 with size 0
No OHLC data returned.
Failed to update trend line 384: index -1 is out of bounds for axis 0 with size 0
[Attempt 1] Rate limit hit (429). Retrying in 10 sec...
No OHLC data returned.
Failed to update trend line 385: index -1 is out of bounds for axis 0 with size 0
No OHLC data returned.
Failed to update trend line 386: index -1 is out of bounds for axis 0 with size 0
No OHLC data returned.
Failed to update trend line 387: index -1 is out of bounds for axis 0 with size 0
[Attempt 1] Rate limit hit. Retrying in 10 sec...
No OHLC data returned.
Failed to update trend line 388: index -1 is out of bounds for axis 0 with size 0
No OHLC data returned.
Failed to update trend line 389: index -1 is out of bounds for axis 0 with size 0
[Attempt 1] Rate limit hit (429). Retrying in 10 sec...
No OHLC data returned.
Failed to update trend line 390: index -1 is out of bounds for axis 0 with size 0
No OHLC data returned.
Failed to update trend line 391: index -1 is out of bounds for axis 0 with size 0
No OHLC data returned.
Failed to update trend line 392: index -1 is out of bounds for axis 0 with size 0
[Attempt 1] Rate limit hit. Retrying in 10 sec...
No OHLC data returned.
Failed to update trend line 393: index -1 is out of bounds for axis 0 with size 0
No OHLC data returned.
Failed to update trend line 394: index -1 is out of bounds for axis 0 with size 0
[Attempt 1] Rate limit hit (429). Retrying in 10 sec...
No OHLC data returned.
Failed to update trend line 395: index -1 is out of bounds for axis 0 with size 0
No OHLC data returned.
Failed to update trend line 396: index -1 is out of bounds for axis 0 with size 0
No OHLC data returned.
Failed to update trend line 397: index -1 is out of bounds for axis 0 with size 0
[Attempt 1] Rate limit hit. Retrying in 10 sec...
No OHLC data returned.
Failed to update trend line 398: index -1 is out of bounds for axis 0 with size 0
No OHLC data returned.
Failed to update trend line 399: index -1 is out of bounds for axis 0 with size 0
[Attempt 1] Rate limit hit (429). Retrying in 10 sec...
No OHLC data returned.
Failed to update trend line 400: index -1 is out of bounds for axis 0 with size 0
No OHLC data returned.
Failed to update trend line 401: index -1 is out of bounds for axis 0 with size 0
No OHLC data returned.
Failed to update trend line 402: index -1 is out of bounds for axis 0 with size 0
[Attempt 1] Rate limit hit. Retrying in 10 sec...
No OHLC data returned.
Failed to update trend line 403: index -1 is out of bounds for axis 0 with size 0
No OHLC data returned.
Failed to update trend line 404: index -1 is out of bounds for axis 0 with size 0
[Attempt 1] Rate limit hit (429). Retrying in 10 sec...
No OHLC data returned.
Failed to update trend line 405: index -1 is out of bounds for axis 0 with size 0
No OHLC data returned.
Failed to update trend line 406: index -1 is out of bounds for axis 0 with size 0
No OHLC data returned.
Failed to update trend line 407: index -1 is out of bounds for axis 0 with size 0
[Attempt 1] Rate limit hit. Retrying in 10 sec...
No OHLC data returned.
Failed to update trend line 408: index -1 is out of bounds for axis 0 with size 0
No OHLC data returned.
Failed to update trend line 409: index -1 is out of bounds for axis 0 with size 0
0 trend lines updated.
